<?xml version="1.0" encoding="UTF-8"?>
<testsuite name="codealpha.java.gradle.app.AppTest" tests="6" skipped="0" failures="0" errors="0" timestamp="2025-08-21T11:14:40" hostname="DESKTOP-RFEN1C3" time="0.042">
  <properties/>
  <testcase name="testDivideByZero()" classname="codealpha.java.gradle.app.AppTest" time="0.029"/>
  <testcase name="testAdd()" classname="codealpha.java.gradle.app.AppTest" time="0.001"/>
  <testcase name="testSubtract()" classname="codealpha.java.gradle.app.AppTest" time="0.001"/>
  <testcase name="testDivide()" classname="codealpha.java.gradle.app.AppTest" time="0.001"/>
  <testcase name="testMultiply()" classname="codealpha.java.gradle.app.AppTest" time="0.001"/>
  <testcase name="testGetGreeting()" classname="codealpha.java.gradle.app.AppTest" time="0.003"/>
  <system-out><![CDATA[]]></system-out>
  <system-err><![CDATA[]]></system-err>
</testsuite>
